16:49:18.815 [main] - [] - INFO  o.g.f.w.w.WrapperBpmApp - [logStarting,55] - Starting WrapperBpmApp on LeeFJ-PC with PID 16808 (D:\leefj\workspace\git-base\foxnic-web-advance\wrapper\wrapper-bpm\target\classes started by LeeFJ in D:\leefj\workspace\git-base\foxnic\foxnic-parent)
16:49:18.821 [main] - [] - INFO  o.g.f.w.w.WrapperBpmApp - [logStartupProfileInfo,651] - No active profile set, falling back to default profiles: default
16:49:20.594 [main] - [] - INFO  c.g.f.s.a.a.ApplicationAwareHandler - [setApplicationContext,50] - service-bpm(default) is ready on port 1820
16:49:21.674 [main] - [] - INFO  c.g.f.s.m.ControllerAspector - [init,56] - ControllerAspector Init
16:49:29.383 [main] - [] - INFO  o.g.f.w.w.s.d.DAOConfig - [primaryDAO,88] - dao is ready :

user=root
url=jdbc:mysql://121.43.103.102:3306/eam?useSSL=false&serverTimezone=Hongkong&useUnicode=true&characterEncoding=utf-8&autoReconnect=true&allowPublicKeyRetrieval=true&tinyInt1isBit=false

16:49:29.397 [simple-taskmgr] - [] - INFO  c.g.f.d.s.l.TQLCache - [scan,215] - TQL Scan Complete
16:49:48.112 [main] - [] - INFO  o.g.f.w.w.WrapperBpmApp - [logStarted,61] - Started WrapperBpmApp in 30.102 seconds (JVM running for 31.623)
16:49:48.115 [main] - [] - INFO  c.g.f.s.w.WebContext - [gatherUrlMapping,124] - Request Mappings:

url = /v2/api-docs , method = springfox.documentation.swagger2.web.Swagger2ControllerWebMvc.getDocumentation
url = /swagger-resources/configuration/security , method = springfox.documentation.swagger.web.ApiResourceController.securityConfiguration
url = /swagger-resources/configuration/ui , method = springfox.documentation.swagger.web.ApiResourceController.uiConfiguration
url = /swagger-resources , method = springfox.documentation.swagger.web.ApiResourceController.swaggerResources
url = /service-bpm/bpm-user/query-list , method = org.github.foxnic.web.bpm.api.CamundaUserController.queryList
url = /v3/api-docs , method = springfox.documentation.oas.web.OpenApiControllerWebMvc.getDocumentation
url = /error , method = org.springframework.boot.autoconfigure.web.servlet.error.BasicErrorController.error
url = /error , method = org.springframework.boot.autoconfigure.web.servlet.error.BasicErrorController.errorHtml

16:49:48.115 [main] - [] - INFO  c.g.f.s.a.a.ApplicationAwareHandler - [onApplicationEvent,66] - url scan time : 3ms
16:49:48.560 [main] - [] - INFO  c.g.f.s.a.a.ApplicationAwareHandler - [onApplicationEvent,86] -

======================== FOX-NIC-WEB IS READY ========================
	Internal Version				1.6.2-20211214
	Machine Id						B15BDA59450483F9
	Process Id						16808
	Application Name				service-bpm
	Active Profile					default
	Port							1820
	Boot Time						27s
	Visit Local						http://127.0.0.1:1820/
	Visit LAN(0)					http://192.168.70.158:1820/
	Visit LAN(1)					http://172.28.80.1:1820/
======================== FOX-NIC-WEB IS READY ========================

16:49:48.563 [simple-parallel-task] - [] - INFO  o.g.f.w.f.d.DeployMonitor - [regist,57] - start monitor foxnic-web-advance
16:49:48.564 [simple-parallel-task] - [] - INFO  o.g.f.w.f.d.DeployMonitor - [regist,72] - deploy is ready on 0 dirs
16:49:48.840 [simple-parallel-task] - [] - INFO  c.g.f.d.s.SQLPrinter - [printIn,123] -
┏━━━━━ SQL [ select concat(datacenter_id,'-',worker_id) dw  from sys_node where is_up=1 and... ] ━━━━━
┣ 语句：select concat(datacenter_id,'-',worker_id) dw  from sys_node where is_up=1 and datacenter_id is not null and worker_id is not null
┣ 参数：{}
┣ 执行：select concat(datacenter_id,'-',worker_id) dw  from sys_node where is_up=1 and datacenter_id is not null and worker_id is not null
┣ 结果：
┣━ 耗时：15ms , start = 1646729388819
┣━ 返回：RcdSet,size=0
┣ 调用栈：
    org.github.foxnic.web.framework.starter.StartupRegister.registerSnowflake(StartupRegister.java:132)
    org.github.foxnic.web.framework.starter.StartupRegister.register(StartupRegister.java:119)
    org.github.foxnic.web.framework.starter.StartupRegister.access$100(StartupRegister.java:24)
┣ TID：null
┗━━━━━ SQL [ select concat(datacenter_id,'-',worker_id) dw  from sys_node where is_up=1 and... ] ━━━━━

16:49:48.896 [simple-parallel-task] - [] - INFO  c.g.f.d.s.SQLPrinter - [printIn,123] -
┏━━━━━ SQL [ UPDATE sys_node SET datacenter_id = :PARAM_1 , worker_id = :PARAM_2 WHERE id= ... ] ━━━━━
┣ 语句：UPDATE sys_node SET datacenter_id = ? , worker_id = ? WHERE id= ?
┣ 参数：{"PARAM_1":0,"PARAM_3":"6a-49203beef8-0356","PARAM_2":0}
┣ 执行：UPDATE sys_node SET datacenter_id = 0 , worker_id = 0 WHERE id= '6a-49203beef8-0356'
┣ 结果：
┣━ 耗时：14ms , start = 1646729388882
┣━ 返回：java.lang.Integer
┣ 调用栈：
    org.github.foxnic.web.framework.starter.StartupRegister.registerSnowflake(StartupRegister.java:159)
    org.github.foxnic.web.framework.starter.StartupRegister.register(StartupRegister.java:119)
    org.github.foxnic.web.framework.starter.StartupRegister.access$100(StartupRegister.java:24)
┣ TID：null
┗━━━━━ SQL [ UPDATE sys_node SET datacenter_id = :PARAM_1 , worker_id = :PARAM_2 WHERE id= ... ] ━━━━━

16:57:10.310 [XNIO-1 task-2] - [553622250293559296] - INFO  o.g.f.w.f.w.InvokeLogServiceImpl - [logRequest,41] - request info:
┏━━━━━ REQUEST [ http://127.0.0.1:1820/service-bpm/bpm-user/query-list ] ━━━━━
┣ URI：/service-bpm/bpm-user/query-list
┣ PARAMETER：{}
┣ METHOD： org.github.foxnic.web.bpm.api.CamundaUserController.queryList(BpmUserController.java:22)
┗━━━━━ REQUEST [ http://127.0.0.1:1820/service-bpm/bpm-user/query-list ] ━━━━━

16:57:19.506 [XNIO-1 task-2] - [553622289015373824] - INFO  o.g.f.w.f.w.InvokeLogServiceImpl - [logRequest,41] - request info:
┏━━━━━ REQUEST [ http://127.0.0.1:1820/service-bpm/bpm-user/query-list ] ━━━━━
┣ URI：/service-bpm/bpm-user/query-list
┣ PARAMETER：{}
┣ METHOD： org.github.foxnic.web.bpm.api.CamundaUserController.queryList(BpmUserController.java:22)
┗━━━━━ REQUEST [ http://127.0.0.1:1820/service-bpm/bpm-user/query-list ] ━━━━━

16:57:40.242 [XNIO-1 task-2] - [553622375988461568] - INFO  o.g.f.w.f.w.InvokeLogServiceImpl - [logRequest,41] - request info:
┏━━━━━ REQUEST [ http://127.0.0.1:1820/service-bpm/bpm-user/query-list ] ━━━━━
┣ URI：/service-bpm/bpm-user/query-list
┣ PARAMETER：{}
┣ METHOD： org.github.foxnic.web.bpm.api.CamundaUserController.queryList(BpmUserController.java:22)
┗━━━━━ REQUEST [ http://127.0.0.1:1820/service-bpm/bpm-user/query-list ] ━━━━━

